{"total": {"lines":{"total":144,"covered":131,"skipped":0,"pct":90.97},"statements":{"total":146,"covered":133,"skipped":0,"pct":91.09},"functions":{"total":48,"covered":45,"skipped":0,"pct":93.75},"branches":{"total":50,"covered":39,"skipped":0,"pct":78},"branchesTrue":{"total":0,"covered":0,"skipped":0,"pct":100}}
,"C:\\Users\\paloma.souza\\OneDrive - Anheuser-Busch InBev\\Documents\\Start tech\\frontend-challange-react\\sorteio\\src\\App.tsx": {"lines":{"total":1,"covered":1,"skipped":0,"pct":100},"functions":{"total":1,"covered":1,"skipped":0,"pct":100},"statements":{"total":1,"covered":1,"skipped":0,"pct":100},"branches":{"total":0,"covered":0,"skipped":0,"pct":100}}
,"C:\\Users\\paloma.souza\\OneDrive - Anheuser-Busch InBev\\Documents\\Start tech\\frontend-challange-react\\sorteio\\src\\index.tsx": {"lines":{"total":2,"covered":0,"skipped":0,"pct":0},"functions":{"total":0,"covered":0,"skipped":0,"pct":100},"statements":{"total":2,"covered":0,"skipped":0,"pct":0},"branches":{"total":0,"covered":0,"skipped":0,"pct":100}}
,"C:\\Users\\paloma.souza\\OneDrive - Anheuser-Busch InBev\\Documents\\Start tech\\frontend-challange-react\\sorteio\\src\\routes.tsx": {"lines":{"total":3,"covered":3,"skipped":0,"pct":100},"functions":{"total":1,"covered":1,"skipped":0,"pct":100},"statements":{"total":3,"covered":3,"skipped":0,"pct":100},"branches":{"total":0,"covered":0,"skipped":0,"pct":100}}
,"C:\\Users\\paloma.souza\\OneDrive - Anheuser-Busch InBev\\Documents\\Start tech\\frontend-challange-react\\sorteio\\src\\components\\BackToTop\\index.tsx": {"lines":{"total":11,"covered":9,"skipped":0,"pct":81.81},"functions":{"total":4,"covered":3,"skipped":0,"pct":75},"statements":{"total":11,"covered":9,"skipped":0,"pct":81.81},"branches":{"total":4,"covered":3,"skipped":0,"pct":75}}
,"C:\\Users\\paloma.souza\\OneDrive - Anheuser-Busch InBev\\Documents\\Start tech\\frontend-challange-react\\sorteio\\src\\components\\BackToTop\\style.ts": {"lines":{"total":2,"covered":2,"skipped":0,"pct":100},"functions":{"total":0,"covered":0,"skipped":0,"pct":100},"statements":{"total":2,"covered":2,"skipped":0,"pct":100},"branches":{"total":0,"covered":0,"skipped":0,"pct":100}}
,"C:\\Users\\paloma.souza\\OneDrive - Anheuser-Busch InBev\\Documents\\Start tech\\frontend-challange-react\\sorteio\\src\\components\\BackToTop\\Icon\\index.tsx": {"lines":{"total":1,"covered":1,"skipped":0,"pct":100},"functions":{"total":1,"covered":1,"skipped":0,"pct":100},"statements":{"total":1,"covered":1,"skipped":0,"pct":100},"branches":{"total":0,"covered":0,"skipped":0,"pct":100}}
,"C:\\Users\\paloma.souza\\OneDrive - Anheuser-Busch InBev\\Documents\\Start tech\\frontend-challange-react\\sorteio\\src\\components\\Button\\index.tsx": {"lines":{"total":1,"covered":1,"skipped":0,"pct":100},"functions":{"total":1,"covered":1,"skipped":0,"pct":100},"statements":{"total":1,"covered":1,"skipped":0,"pct":100},"branches":{"total":0,"covered":0,"skipped":0,"pct":100}}
,"C:\\Users\\paloma.souza\\OneDrive - Anheuser-Busch InBev\\Documents\\Start tech\\frontend-challange-react\\sorteio\\src\\components\\Header\\index.tsx": {"lines":{"total":23,"covered":21,"skipped":0,"pct":91.3},"functions":{"total":6,"covered":6,"skipped":0,"pct":100},"statements":{"total":25,"covered":23,"skipped":0,"pct":92},"branches":{"total":24,"covered":19,"skipped":0,"pct":79.16}}
,"C:\\Users\\paloma.souza\\OneDrive - Anheuser-Busch InBev\\Documents\\Start tech\\frontend-challange-react\\sorteio\\src\\components\\Header\\style.ts": {"lines":{"total":1,"covered":1,"skipped":0,"pct":100},"functions":{"total":0,"covered":0,"skipped":0,"pct":100},"statements":{"total":1,"covered":1,"skipped":0,"pct":100},"branches":{"total":0,"covered":0,"skipped":0,"pct":100}}
,"C:\\Users\\paloma.souza\\OneDrive - Anheuser-Busch InBev\\Documents\\Start tech\\frontend-challange-react\\sorteio\\src\\components\\Header\\Background\\index.tsx": {"lines":{"total":1,"covered":1,"skipped":0,"pct":100},"functions":{"total":1,"covered":1,"skipped":0,"pct":100},"statements":{"total":1,"covered":1,"skipped":0,"pct":100},"branches":{"total":0,"covered":0,"skipped":0,"pct":100}}
,"C:\\Users\\paloma.souza\\OneDrive - Anheuser-Busch InBev\\Documents\\Start tech\\frontend-challange-react\\sorteio\\src\\components\\Header\\Background\\style.tsx": {"lines":{"total":2,"covered":2,"skipped":0,"pct":100},"functions":{"total":1,"covered":1,"skipped":0,"pct":100},"statements":{"total":2,"covered":2,"skipped":0,"pct":100},"branches":{"total":0,"covered":0,"skipped":0,"pct":100}}
,"C:\\Users\\paloma.souza\\OneDrive - Anheuser-Busch InBev\\Documents\\Start tech\\frontend-challange-react\\sorteio\\src\\components\\Header\\Dropdown\\index.tsx": {"lines":{"total":2,"covered":2,"skipped":0,"pct":100},"functions":{"total":2,"covered":2,"skipped":0,"pct":100},"statements":{"total":2,"covered":2,"skipped":0,"pct":100},"branches":{"total":0,"covered":0,"skipped":0,"pct":100}}
,"C:\\Users\\paloma.souza\\OneDrive - Anheuser-Busch InBev\\Documents\\Start tech\\frontend-challange-react\\sorteio\\src\\components\\Header\\Dropdown\\style.ts": {"lines":{"total":1,"covered":1,"skipped":0,"pct":100},"functions":{"total":0,"covered":0,"skipped":0,"pct":100},"statements":{"total":1,"covered":1,"skipped":0,"pct":100},"branches":{"total":0,"covered":0,"skipped":0,"pct":100}}
,"C:\\Users\\paloma.souza\\OneDrive - Anheuser-Busch InBev\\Documents\\Start tech\\frontend-challange-react\\sorteio\\src\\components\\Header\\Logo\\index.tsx": {"lines":{"total":1,"covered":1,"skipped":0,"pct":100},"functions":{"total":1,"covered":1,"skipped":0,"pct":100},"statements":{"total":1,"covered":1,"skipped":0,"pct":100},"branches":{"total":0,"covered":0,"skipped":0,"pct":100}}
,"C:\\Users\\paloma.souza\\OneDrive - Anheuser-Busch InBev\\Documents\\Start tech\\frontend-challange-react\\sorteio\\src\\components\\Header\\Logo\\style.ts": {"lines":{"total":1,"covered":1,"skipped":0,"pct":100},"functions":{"total":0,"covered":0,"skipped":0,"pct":100},"statements":{"total":1,"covered":1,"skipped":0,"pct":100},"branches":{"total":0,"covered":0,"skipped":0,"pct":100}}
,"C:\\Users\\paloma.souza\\OneDrive - Anheuser-Busch InBev\\Documents\\Start tech\\frontend-challange-react\\sorteio\\src\\components\\Loading\\index.tsx": {"lines":{"total":1,"covered":1,"skipped":0,"pct":100},"functions":{"total":1,"covered":1,"skipped":0,"pct":100},"statements":{"total":1,"covered":1,"skipped":0,"pct":100},"branches":{"total":2,"covered":2,"skipped":0,"pct":100}}
,"C:\\Users\\paloma.souza\\OneDrive - Anheuser-Busch InBev\\Documents\\Start tech\\frontend-challange-react\\sorteio\\src\\components\\Loading\\style.ts": {"lines":{"total":4,"covered":4,"skipped":0,"pct":100},"functions":{"total":1,"covered":1,"skipped":0,"pct":100},"statements":{"total":4,"covered":4,"skipped":0,"pct":100},"branches":{"total":2,"covered":1,"skipped":0,"pct":50}}
,"C:\\Users\\paloma.souza\\OneDrive - Anheuser-Busch InBev\\Documents\\Start tech\\frontend-challange-react\\sorteio\\src\\context\\DrawContext\\index.tsx": {"lines":{"total":6,"covered":6,"skipped":0,"pct":100},"functions":{"total":2,"covered":2,"skipped":0,"pct":100},"statements":{"total":6,"covered":6,"skipped":0,"pct":100},"branches":{"total":0,"covered":0,"skipped":0,"pct":100}}
,"C:\\Users\\paloma.souza\\OneDrive - Anheuser-Busch InBev\\Documents\\Start tech\\frontend-challange-react\\sorteio\\src\\helpers\\formatDate.ts": {"lines":{"total":3,"covered":3,"skipped":0,"pct":100},"functions":{"total":1,"covered":1,"skipped":0,"pct":100},"statements":{"total":3,"covered":3,"skipped":0,"pct":100},"branches":{"total":2,"covered":2,"skipped":0,"pct":100}}
,"C:\\Users\\paloma.souza\\OneDrive - Anheuser-Busch InBev\\Documents\\Start tech\\frontend-challange-react\\sorteio\\src\\helpers\\handleColor.ts": {"lines":{"total":10,"covered":10,"skipped":0,"pct":100},"functions":{"total":1,"covered":1,"skipped":0,"pct":100},"statements":{"total":10,"covered":10,"skipped":0,"pct":100},"branches":{"total":8,"covered":8,"skipped":0,"pct":100}}
,"C:\\Users\\paloma.souza\\OneDrive - Anheuser-Busch InBev\\Documents\\Start tech\\frontend-challange-react\\sorteio\\src\\hooks\\useDrawContext.tsx": {"lines":{"total":1,"covered":1,"skipped":0,"pct":100},"functions":{"total":1,"covered":1,"skipped":0,"pct":100},"statements":{"total":1,"covered":1,"skipped":0,"pct":100},"branches":{"total":0,"covered":0,"skipped":0,"pct":100}}
,"C:\\Users\\paloma.souza\\OneDrive - Anheuser-Busch InBev\\Documents\\Start tech\\frontend-challange-react\\sorteio\\src\\hooks\\useFetch.ts": {"lines":{"total":14,"covered":12,"skipped":0,"pct":85.71},"functions":{"total":3,"covered":3,"skipped":0,"pct":100},"statements":{"total":14,"covered":12,"skipped":0,"pct":85.71},"branches":{"total":2,"covered":0,"skipped":0,"pct":0}}
,"C:\\Users\\paloma.souza\\OneDrive - Anheuser-Busch InBev\\Documents\\Start tech\\frontend-challange-react\\sorteio\\src\\mocks\\handlers.ts": {"lines":{"total":9,"covered":8,"skipped":0,"pct":88.88},"functions":{"total":8,"covered":7,"skipped":0,"pct":87.5},"statements":{"total":9,"covered":8,"skipped":0,"pct":88.88},"branches":{"total":0,"covered":0,"skipped":0,"pct":100}}
,"C:\\Users\\paloma.souza\\OneDrive - Anheuser-Busch InBev\\Documents\\Start tech\\frontend-challange-react\\sorteio\\src\\mocks\\server.ts": {"lines":{"total":1,"covered":1,"skipped":0,"pct":100},"functions":{"total":0,"covered":0,"skipped":0,"pct":100},"statements":{"total":1,"covered":1,"skipped":0,"pct":100},"branches":{"total":0,"covered":0,"skipped":0,"pct":100}}
,"C:\\Users\\paloma.souza\\OneDrive - Anheuser-Busch InBev\\Documents\\Start tech\\frontend-challange-react\\sorteio\\src\\pages\\Error\\index.tsx": {"lines":{"total":3,"covered":3,"skipped":0,"pct":100},"functions":{"total":2,"covered":2,"skipped":0,"pct":100},"statements":{"total":3,"covered":3,"skipped":0,"pct":100},"branches":{"total":0,"covered":0,"skipped":0,"pct":100}}
,"C:\\Users\\paloma.souza\\OneDrive - Anheuser-Busch InBev\\Documents\\Start tech\\frontend-challange-react\\sorteio\\src\\pages\\Home\\index.tsx": {"lines":{"total":1,"covered":1,"skipped":0,"pct":100},"functions":{"total":1,"covered":1,"skipped":0,"pct":100},"statements":{"total":1,"covered":1,"skipped":0,"pct":100},"branches":{"total":0,"covered":0,"skipped":0,"pct":100}}
,"C:\\Users\\paloma.souza\\OneDrive - Anheuser-Busch InBev\\Documents\\Start tech\\frontend-challange-react\\sorteio\\src\\pages\\Home\\style.ts": {"lines":{"total":1,"covered":1,"skipped":0,"pct":100},"functions":{"total":0,"covered":0,"skipped":0,"pct":100},"statements":{"total":1,"covered":1,"skipped":0,"pct":100},"branches":{"total":0,"covered":0,"skipped":0,"pct":100}}
,"C:\\Users\\paloma.souza\\OneDrive - Anheuser-Busch InBev\\Documents\\Start tech\\frontend-challange-react\\sorteio\\src\\pages\\Home\\components\\Raffle\\index.tsx": {"lines":{"total":3,"covered":3,"skipped":0,"pct":100},"functions":{"total":1,"covered":1,"skipped":0,"pct":100},"statements":{"total":3,"covered":3,"skipped":0,"pct":100},"branches":{"total":4,"covered":4,"skipped":0,"pct":100}}
,"C:\\Users\\paloma.souza\\OneDrive - Anheuser-Busch InBev\\Documents\\Start tech\\frontend-challange-react\\sorteio\\src\\pages\\Home\\components\\Raffle\\style.ts": {"lines":{"total":1,"covered":1,"skipped":0,"pct":100},"functions":{"total":0,"covered":0,"skipped":0,"pct":100},"statements":{"total":1,"covered":1,"skipped":0,"pct":100},"branches":{"total":0,"covered":0,"skipped":0,"pct":100}}
,"C:\\Users\\paloma.souza\\OneDrive - Anheuser-Busch InBev\\Documents\\Start tech\\frontend-challange-react\\sorteio\\src\\pages\\Home\\components\\Raffle\\NumbersList\\index.tsx": {"lines":{"total":3,"covered":3,"skipped":0,"pct":100},"functions":{"total":2,"covered":2,"skipped":0,"pct":100},"statements":{"total":3,"covered":3,"skipped":0,"pct":100},"branches":{"total":0,"covered":0,"skipped":0,"pct":100}}
,"C:\\Users\\paloma.souza\\OneDrive - Anheuser-Busch InBev\\Documents\\Start tech\\frontend-challange-react\\sorteio\\src\\pages\\Home\\components\\Raffle\\NumbersList\\style.ts": {"lines":{"total":1,"covered":1,"skipped":0,"pct":100},"functions":{"total":0,"covered":0,"skipped":0,"pct":100},"statements":{"total":1,"covered":1,"skipped":0,"pct":100},"branches":{"total":0,"covered":0,"skipped":0,"pct":100}}
,"C:\\Users\\paloma.souza\\OneDrive - Anheuser-Busch InBev\\Documents\\Start tech\\frontend-challange-react\\sorteio\\src\\pages\\NotFound\\index.tsx": {"lines":{"total":1,"covered":1,"skipped":0,"pct":100},"functions":{"total":1,"covered":1,"skipped":0,"pct":100},"statements":{"total":1,"covered":1,"skipped":0,"pct":100},"branches":{"total":0,"covered":0,"skipped":0,"pct":100}}
,"C:\\Users\\paloma.souza\\OneDrive - Anheuser-Busch InBev\\Documents\\Start tech\\frontend-challange-react\\sorteio\\src\\services\\api.ts": {"lines":{"total":8,"covered":4,"skipped":0,"pct":50},"functions":{"total":2,"covered":1,"skipped":0,"pct":50},"statements":{"total":8,"covered":4,"skipped":0,"pct":50},"branches":{"total":2,"covered":0,"skipped":0,"pct":0}}
,"C:\\Users\\paloma.souza\\OneDrive - Anheuser-Busch InBev\\Documents\\Start tech\\frontend-challange-react\\sorteio\\src\\styles\\CommonUi.ts": {"lines":{"total":3,"covered":3,"skipped":0,"pct":100},"functions":{"total":0,"covered":0,"skipped":0,"pct":100},"statements":{"total":3,"covered":3,"skipped":0,"pct":100},"branches":{"total":0,"covered":0,"skipped":0,"pct":100}}
,"C:\\Users\\paloma.souza\\OneDrive - Anheuser-Busch InBev\\Documents\\Start tech\\frontend-challange-react\\sorteio\\src\\styles\\GlobalStyle.ts": {"lines":{"total":1,"covered":1,"skipped":0,"pct":100},"functions":{"total":0,"covered":0,"skipped":0,"pct":100},"statements":{"total":1,"covered":1,"skipped":0,"pct":100},"branches":{"total":0,"covered":0,"skipped":0,"pct":100}}
,"C:\\Users\\paloma.souza\\OneDrive - Anheuser-Busch InBev\\Documents\\Start tech\\frontend-challange-react\\sorteio\\src\\styles\\Variables.ts": {"lines":{"total":11,"covered":11,"skipped":0,"pct":100},"functions":{"total":0,"covered":0,"skipped":0,"pct":100},"statements":{"total":11,"covered":11,"skipped":0,"pct":100},"branches":{"total":0,"covered":0,"skipped":0,"pct":100}}
,"C:\\Users\\paloma.souza\\OneDrive - Anheuser-Busch InBev\\Documents\\Start tech\\frontend-challange-react\\sorteio\\src\\tests\\renderWithBrowserRouter.tsx": {"lines":{"total":3,"covered":3,"skipped":0,"pct":100},"functions":{"total":1,"covered":1,"skipped":0,"pct":100},"statements":{"total":3,"covered":3,"skipped":0,"pct":100},"branches":{"total":0,"covered":0,"skipped":0,"pct":100}}
,"C:\\Users\\paloma.souza\\OneDrive - Anheuser-Busch InBev\\Documents\\Start tech\\frontend-challange-react\\sorteio\\src\\tests\\renderWithContext.tsx": {"lines":{"total":2,"covered":2,"skipped":0,"pct":100},"functions":{"total":1,"covered":1,"skipped":0,"pct":100},"statements":{"total":2,"covered":2,"skipped":0,"pct":100},"branches":{"total":0,"covered":0,"skipped":0,"pct":100}}
,"C:\\Users\\paloma.souza\\OneDrive - Anheuser-Busch InBev\\Documents\\Start tech\\frontend-challange-react\\sorteio\\src\\types\\drawType.ts": {"lines":{"total":0,"covered":0,"skipped":0,"pct":100},"functions":{"total":0,"covered":0,"skipped":0,"pct":100},"statements":{"total":0,"covered":0,"skipped":0,"pct":100},"branches":{"total":0,"covered":0,"skipped":0,"pct":100}}
,"C:\\Users\\paloma.souza\\OneDrive - Anheuser-Busch InBev\\Documents\\Start tech\\frontend-challange-react\\sorteio\\src\\types\\lottery.ts": {"lines":{"total":0,"covered":0,"skipped":0,"pct":100},"functions":{"total":0,"covered":0,"skipped":0,"pct":100},"statements":{"total":0,"covered":0,"skipped":0,"pct":100},"branches":{"total":0,"covered":0,"skipped":0,"pct":100}}
,"C:\\Users\\paloma.souza\\OneDrive - Anheuser-Busch InBev\\Documents\\Start tech\\frontend-challange-react\\sorteio\\src\\types\\propsChildren.ts": {"lines":{"total":0,"covered":0,"skipped":0,"pct":100},"functions":{"total":0,"covered":0,"skipped":0,"pct":100},"statements":{"total":0,"covered":0,"skipped":0,"pct":100},"branches":{"total":0,"covered":0,"skipped":0,"pct":100}}
}
